<?xml version="1.0" encoding="UTF-8"?>
<testng-results skipped="0" failed="0" total="0" passed="0">
  <reporter-output>
  </reporter-output>
  <suite name="com.cashkaro.uitests.AppTest" duration-ms="7" started-at="2017-01-18T11:46:50Z" finished-at="2017-01-18T11:46:50Z">
    <groups>
    </groups>
    <test name="Command line test" duration-ms="7" started-at="2017-01-18T11:46:50Z" finished-at="2017-01-18T11:46:50Z">
    </test> <!-- Command line test -->
  </suite> <!-- com.cashkaro.uitests.AppTest -->
</testng-results>
