<?xml version="1.0" encoding="UTF-8"?>
<testng-results skipped="0" failed="2" total="4" passed="2">
  <reporter-output>
  </reporter-output>
  <suite name="Smoke Test Suite" duration-ms="81515" started-at="2017-01-18T14:38:07Z" finished-at="2017-01-18T14:39:29Z">
    <groups>
    </groups>
    <test name="Cashkaro Tests" duration-ms="81515" started-at="2017-01-18T14:38:07Z" finished-at="2017-01-18T14:39:29Z">
      <class name="com.cashkaro.uitests.tests.JoinWithFBTest">
        <test-method status="PASS" signature="createDriver()[pri:0, instance:com.cashkaro.uitests.tests.JoinWithFBTest@4e04a765]" name="createDriver" is-config="true" duration-ms="6685" started-at="2017-01-18T20:08:39Z" finished-at="2017-01-18T20:08:45Z">
          <reporter-output>
          </reporter-output>
        </test-method> <!-- createDriver -->
        <test-method status="PASS" signature="setUp()[pri:0, instance:com.cashkaro.uitests.tests.JoinWithFBTest@4e04a765]" name="setUp" is-config="true" duration-ms="11" started-at="2017-01-18T20:08:46Z" finished-at="2017-01-18T20:08:46Z">
          <reporter-output>
          </reporter-output>
        </test-method> <!-- setUp -->
        <test-method status="FAIL" signature="testJoinWithFB(java.lang.String, java.lang.String)[pri:0, instance:com.cashkaro.uitests.tests.JoinWithFBTest@4e04a765]" name="testJoinWithFB" duration-ms="27631" started-at="2017-01-18T20:08:46Z" data-provider="testdataprovider" finished-at="2017-01-18T20:09:13Z">
          <params>
            <param index="0">
              <value>
                <![CDATA[cashkaro.test1@gmail.com]]>
              </value>
            </param>
            <param index="1">
              <value>
                <![CDATA[test123]]>
              </value>
            </param>
          </params>
          <exception class="java.lang.NullPointerException">
            <full-stacktrace>
              <![CDATA[java.lang.NullPointerException
	at sun.reflect.NativeMethodAccessorImpl.invoke0(Native Method)
	at sun.reflect.NativeMethodAccessorImpl.invoke(NativeMethodAccessorImpl.java:62)
	at sun.reflect.DelegatingMethodAccessorImpl.invoke(DelegatingMethodAccessorImpl.java:43)
	at java.lang.reflect.Method.invoke(Method.java:497)
	at org.openqa.selenium.support.pagefactory.internal.LocatingElementHandler.invoke(LocatingElementHandler.java:51)
	at com.sun.proxy.$Proxy9.isDisplayed(Unknown Source)
	at com.cashkaro.uitests.pageobject.MainPage.isLogOutButtonDisplayed(MainPage.java:22)
	at com.cashkaro.uitests.tests.JoinWithFBTest.testJoinWithFB(JoinWithFBTest.java:81)
	at sun.reflect.NativeMethodAccessorImpl.invoke0(Native Method)
	at sun.reflect.NativeMethodAccessorImpl.invoke(NativeMethodAccessorImpl.java:62)
	at sun.reflect.DelegatingMethodAccessorImpl.invoke(DelegatingMethodAccessorImpl.java:43)
	at java.lang.reflect.Method.invoke(Method.java:497)
	at org.testng.internal.MethodInvocationHelper.invokeMethod(MethodInvocationHelper.java:85)
	at org.testng.internal.Invoker.invokeMethod(Invoker.java:639)
	at org.testng.internal.Invoker.invokeTestMethod(Invoker.java:821)
	at org.testng.internal.Invoker.invokeTestMethods(Invoker.java:1131)
	at org.testng.internal.TestMethodWorker.invokeTestMethods(TestMethodWorker.java:124)
	at org.testng.internal.TestMethodWorker.run(TestMethodWorker.java:108)
	at org.testng.TestRunner.privateRun(TestRunner.java:773)
	at org.testng.TestRunner.run(TestRunner.java:623)
	at org.testng.SuiteRunner.runTest(SuiteRunner.java:357)
	at org.testng.SuiteRunner.runSequentially(SuiteRunner.java:352)
	at org.testng.SuiteRunner.privateRun(SuiteRunner.java:310)
	at org.testng.SuiteRunner.run(SuiteRunner.java:259)
	at org.testng.SuiteRunnerWorker.runSuite(SuiteRunnerWorker.java:52)
	at org.testng.SuiteRunnerWorker.run(SuiteRunnerWorker.java:86)
	at org.testng.TestNG.runSuitesSequentially(TestNG.java:1185)
	at org.testng.TestNG.runSuitesLocally(TestNG.java:1110)
	at org.testng.TestNG.run(TestNG.java:1018)
	at org.testng.remote.RemoteTestNG.run(RemoteTestNG.java:111)
	at org.testng.remote.RemoteTestNG.initAndRun(RemoteTestNG.java:204)
	at org.testng.remote.RemoteTestNG.main(RemoteTestNG.java:175)
]]>
            </full-stacktrace>
          </exception> <!-- java.lang.NullPointerException -->
          <reporter-output>
          </reporter-output>
        </test-method> <!-- testJoinWithFB -->
        <test-method status="PASS" signature="quitDriver()[pri:0, instance:com.cashkaro.uitests.tests.JoinWithFBTest@4e04a765]" name="quitDriver" is-config="true" duration-ms="114" started-at="2017-01-18T20:09:13Z" finished-at="2017-01-18T20:09:13Z">
          <reporter-output>
          </reporter-output>
        </test-method> <!-- quitDriver -->
      </class> <!-- com.cashkaro.uitests.tests.JoinWithFBTest -->
      <class name="com.cashkaro.uitests.tests.LoginTest">
        <test-method status="PASS" signature="createDriver()[pri:0, instance:com.cashkaro.uitests.tests.LoginTest@783e6358]" name="createDriver" is-config="true" duration-ms="11503" started-at="2017-01-18T20:09:13Z" finished-at="2017-01-18T20:09:25Z">
          <reporter-output>
          </reporter-output>
        </test-method> <!-- createDriver -->
        <test-method status="PASS" signature="setUp()[pri:0, instance:com.cashkaro.uitests.tests.LoginTest@783e6358]" name="setUp" is-config="true" duration-ms="8" started-at="2017-01-18T20:09:25Z" finished-at="2017-01-18T20:09:25Z">
          <reporter-output>
          </reporter-output>
        </test-method> <!-- setUp -->
        <test-method status="PASS" signature="testLogin(java.lang.String, java.lang.String)[pri:0, instance:com.cashkaro.uitests.tests.LoginTest@783e6358]" name="testLogin" duration-ms="3906" started-at="2017-01-18T20:09:25Z" data-provider="testdataprovider" finished-at="2017-01-18T20:09:29Z">
          <params>
            <param index="0">
              <value>
                <![CDATA[cashkaro.test1@gmail.com]]>
              </value>
            </param>
            <param index="1">
              <value>
                <![CDATA[test123]]>
              </value>
            </param>
          </params>
          <reporter-output>
          </reporter-output>
        </test-method> <!-- testLogin -->
        <test-method status="PASS" signature="quitDriver()[pri:0, instance:com.cashkaro.uitests.tests.LoginTest@783e6358]" name="quitDriver" is-config="true" duration-ms="78" started-at="2017-01-18T20:09:29Z" finished-at="2017-01-18T20:09:29Z">
          <reporter-output>
          </reporter-output>
        </test-method> <!-- quitDriver -->
      </class> <!-- com.cashkaro.uitests.tests.LoginTest -->
      <class name="com.cashkaro.uitests.tests.JoinWithEmailTest">
        <test-method status="PASS" signature="createDriver()[pri:0, instance:com.cashkaro.uitests.tests.JoinWithEmailTest@13fee20c]" name="createDriver" is-config="true" duration-ms="9869" started-at="2017-01-18T20:08:24Z" finished-at="2017-01-18T20:08:33Z">
          <reporter-output>
          </reporter-output>
        </test-method> <!-- createDriver -->
        <test-method status="PASS" signature="setUp()[pri:0, instance:com.cashkaro.uitests.tests.JoinWithEmailTest@13fee20c]" name="setUp" is-config="true" duration-ms="14" started-at="2017-01-18T20:08:34Z" finished-at="2017-01-18T20:08:34Z">
          <reporter-output>
          </reporter-output>
        </test-method> <!-- setUp -->
        <test-method status="FAIL" signature="testJoinWithEmail(java.lang.String, java.lang.String, java.lang.String)[pri:0, instance:com.cashkaro.uitests.tests.JoinWithEmailTest@13fee20c]" name="testJoinWithEmail" duration-ms="5191" started-at="2017-01-18T20:08:34Z" data-provider="testdataprovider" finished-at="2017-01-18T20:08:39Z">
          <params>
            <param index="0">
              <value>
                <![CDATA[Tajmul]]>
              </value>
            </param>
            <param index="1">
              <value>
                <![CDATA[cashkaro.test1@gmail.com]]>
              </value>
            </param>
            <param index="2">
              <value>
                <![CDATA[test123]]>
              </value>
            </param>
          </params>
          <exception class="java.lang.UnsatisfiedLinkError">
            <message>
              <![CDATA[Unable to load library 'tesseract': Native library (darwin/libtesseract.dylib) not found in resource path ([file:/Users/kiransk/Downloads/uitests/target/test-classes/, file:/Users/kiransk/Downloads/uitests/target/classes/, file:/Users/kiransk/.m2/repository/org/seleniumhq/selenium/selenium-java/3.0.1/selenium-java-3.0.1.jar, file:/Users/kiransk/.m2/repository/org/seleniumhq/selenium/selenium-chrome-driver/3.0.1/selenium-chrome-driver-3.0.1.jar, file:/Users/kiransk/.m2/repository/org/seleniumhq/selenium/selenium-remote-driver/3.0.1/selenium-remote-driver-3.0.1.jar, file:/Users/kiransk/.m2/repository/org/seleniumhq/selenium/selenium-api/3.0.1/selenium-api-3.0.1.jar, file:/Users/kiransk/.m2/repository/cglib/cglib-nodep/3.2.4/cglib-nodep-3.2.4.jar, file:/Users/kiransk/.m2/repository/org/apache/commons/commons-exec/1.3/commons-exec-1.3.jar, file:/Users/kiransk/.m2/repository/com/google/code/gson/gson/2.3.1/gson-2.3.1.jar, file:/Users/kiransk/.m2/repository/net/java/dev/jna/jna-platform/4.1.0/jna-platform-4.1.0.jar, file:/Users/kiransk/.m2/repository/org/seleniumhq/selenium/selenium-edge-driver/3.0.1/selenium-edge-driver-3.0.1.jar, file:/Users/kiransk/.m2/repository/org/seleniumhq/selenium/selenium-firefox-driver/3.0.1/selenium-firefox-driver-3.0.1.jar, file:/Users/kiransk/.m2/repository/org/seleniumhq/selenium/selenium-ie-driver/3.0.1/selenium-ie-driver-3.0.1.jar, file:/Users/kiransk/.m2/repository/org/seleniumhq/selenium/selenium-opera-driver/3.0.1/selenium-opera-driver-3.0.1.jar, file:/Users/kiransk/.m2/repository/org/seleniumhq/selenium/selenium-safari-driver/3.0.1/selenium-safari-driver-3.0.1.jar, file:/Users/kiransk/.m2/repository/io/netty/netty/3.5.7.Final/netty-3.5.7.Final.jar, file:/Users/kiransk/.m2/repository/org/seleniumhq/selenium/selenium-support/3.0.1/selenium-support-3.0.1.jar, file:/Users/kiransk/.m2/repository/net/sourceforge/htmlunit/htmlunit/2.23/htmlunit-2.23.jar, file:/Users/kiransk/.m2/repository/xalan/xalan/2.7.2/xalan-2.7.2.jar, file:/Users/kiransk/.m2/repository/xalan/serializer/2.7.2/serializer-2.7.2.jar, file:/Users/kiransk/.m2/repository/org/apache/commons/commons-lang3/3.4/commons-lang3-3.4.jar, file:/Users/kiransk/.m2/repository/org/apache/httpcomponents/httpclient/4.5.2/httpclient-4.5.2.jar, file:/Users/kiransk/.m2/repository/org/apache/httpcomponents/httpcore/4.4.4/httpcore-4.4.4.jar, file:/Users/kiransk/.m2/repository/org/apache/httpcomponents/httpmime/4.5.2/httpmime-4.5.2.jar, file:/Users/kiransk/.m2/repository/commons-codec/commons-codec/1.10/commons-codec-1.10.jar, file:/Users/kiransk/.m2/repository/net/sourceforge/htmlunit/htmlunit-core-js/2.23/htmlunit-core-js-2.23.jar, file:/Users/kiransk/.m2/repository/net/sourceforge/htmlunit/neko-htmlunit/2.23/neko-htmlunit-2.23.jar, file:/Users/kiransk/.m2/repository/xerces/xercesImpl/2.11.0/xercesImpl-2.11.0.jar, file:/Users/kiransk/.m2/repository/xml-apis/xml-apis/1.4.01/xml-apis-1.4.01.jar, file:/Users/kiransk/.m2/repository/net/sourceforge/cssparser/cssparser/0.9.20/cssparser-0.9.20.jar, file:/Users/kiransk/.m2/repository/org/w3c/css/sac/1.3/sac-1.3.jar, file:/Users/kiransk/.m2/repository/commons-logging/commons-logging/1.2/commons-logging-1.2.jar, file:/Users/kiransk/.m2/repository/com/codeborne/phantomjsdriver/1.3.0/phantomjsdriver-1.3.0.jar, file:/Users/kiransk/.m2/repository/org/eclipse/jetty/websocket/websocket-client/9.2.15.v20160210/websocket-client-9.2.15.v20160210.jar, file:/Users/kiransk/.m2/repository/org/eclipse/jetty/jetty-util/9.2.15.v20160210/jetty-util-9.2.15.v20160210.jar, file:/Users/kiransk/.m2/repository/org/eclipse/jetty/jetty-io/9.2.15.v20160210/jetty-io-9.2.15.v20160210.jar, file:/Users/kiransk/.m2/repository/org/eclipse/jetty/websocket/websocket-common/9.2.15.v20160210/websocket-common-9.2.15.v20160210.jar, file:/Users/kiransk/.m2/repository/org/eclipse/jetty/websocket/websocket-api/9.2.15.v20160210/websocket-api-9.2.15.v20160210.jar, file:/Users/kiransk/.m2/repository/org/seleniumhq/selenium/selenium-server/3.0.1/selenium-server-3.0.1.jar, file:/Users/kiransk/.m2/repository/com/beust/jcommander/1.48/jcommander-1.48.jar, file:/Users/kiransk/.m2/repository/net/jcip/jcip-annotations/1.0/jcip-annotations-1.0.jar, file:/Users/kiransk/.m2/repository/org/seleniumhq/selenium/jetty-repacked/9.2.13.v20160825/jetty-repacked-9.2.13.v20160825.jar, file:/Users/kiransk/.m2/repository/javax/servlet/javax.servlet-api/3.1.0/javax.servlet-api-3.1.0.jar, file:/Users/kiransk/.m2/repository/org/seleniumhq/selenium/htmlunit-driver/2.23/htmlunit-driver-2.23.jar, file:/Users/kiransk/.m2/repository/org/yaml/snakeyaml/1.15/snakeyaml-1.15.jar, file:/Users/kiransk/.m2/repository/log4j/log4j/1.2.17/log4j-1.2.17.jar, file:/Users/kiransk/.m2/repository/org/testng/testng/6.9.6/testng-6.9.6.jar, file:/Users/kiransk/.m2/repository/com/google/inject/guice/4.0/guice-4.0-no_aop.jar, file:/Users/kiransk/.m2/repository/javax/inject/javax.inject/1/javax.inject-1.jar, file:/Users/kiransk/.m2/repository/aopalliance/aopalliance/1.0/aopalliance-1.0.jar, file:/Users/kiransk/.m2/repository/com/google/guava/guava/16.0.1/guava-16.0.1.jar, file:/Users/kiransk/.m2/repository/org/beanshell/bsh/2.0b4/bsh-2.0b4.jar, file:/Users/kiransk/.m2/repository/org/apache/ant/ant/1.7.0/ant-1.7.0.jar, file:/Users/kiransk/.m2/repository/org/apache/ant/ant-launcher/1.7.0/ant-launcher-1.7.0.jar, file:/Users/kiransk/.m2/repository/junit/junit/4.10/junit-4.10.jar, file:/Users/kiransk/.m2/repository/org/hamcrest/hamcrest-core/1.1/hamcrest-core-1.1.jar, file:/Users/kiransk/.m2/repository/ch/qos/logback/logback-classic/1.1.2/logback-classic-1.1.2.jar, file:/Users/kiransk/.m2/repository/ch/qos/logback/logback-core/1.1.2/logback-core-1.1.2.jar, file:/Users/kiransk/.m2/repository/net/sourceforge/tess4j/tess4j/3.1.0/tess4j-3.1.0.jar, file:/Users/kiransk/.m2/repository/org/ghost4j/ghost4j/1.0.1/ghost4j-1.0.1.jar, file:/Users/kiransk/.m2/repository/commons-beanutils/commons-beanutils/1.9.2/commons-beanutils-1.9.2.jar, file:/Users/kiransk/.m2/repository/commons-collections/commons-collections/3.2.1/commons-collections-3.2.1.jar, file:/Users/kiransk/.m2/repository/org/apache/xmlgraphics/xmlgraphics-commons/1.4/xmlgraphics-commons-1.4.jar, file:/Users/kiransk/.m2/repository/com/lowagie/itext/2.1.7/itext-2.1.7.jar, file:/Users/kiransk/.m2/repository/commons-io/commons-io/2.4/commons-io-2.4.jar, file:/Users/kiransk/.m2/repository/net/sourceforge/lept4j/lept4j/1.1.2/lept4j-1.1.2.jar, file:/Users/kiransk/.m2/repository/org/rococoa/rococoa-core/0.5/rococoa-core-0.5.jar, file:/Users/kiransk/.m2/repository/cglib/cglib/2.2.2/cglib-2.2.2.jar, file:/Users/kiransk/.m2/repository/asm/asm/3.3.1/asm-3.3.1.jar, file:/Users/kiransk/.m2/repository/org/slf4j/jul-to-slf4j/1.7.19/jul-to-slf4j-1.7.19.jar, file:/Users/kiransk/.m2/repository/org/slf4j/jcl-over-slf4j/1.7.19/jcl-over-slf4j-1.7.19.jar, file:/Users/kiransk/.m2/repository/org/slf4j/log4j-over-slf4j/1.7.19/log4j-over-slf4j-1.7.19.jar, file:/Users/kiransk/.m2/repository/com/github/jai-imageio/jai-imageio-core/1.3.1/jai-imageio-core-1.3.1.jar, file:/Users/kiransk/.m2/repository/org/slf4j/slf4j-api/1.7.22/slf4j-api-1.7.22.jar, file:/Users/kiransk/.m2/repository/net/java/dev/jna/jna/4.1.0/jna-4.1.0.jar, file:/Users/kiransk/.m2/repository/javax/mail/mail/1.4/mail-1.4.jar, file:/Users/kiransk/.m2/repository/javax/activation/activation/1.1/activation-1.1.jar])]]>
            </message>
            <full-stacktrace>
              <![CDATA[java.lang.UnsatisfiedLinkError: Unable to load library 'tesseract': Native library (darwin/libtesseract.dylib) not found in resource path ([file:/Users/kiransk/Downloads/uitests/target/test-classes/, file:/Users/kiransk/Downloads/uitests/target/classes/, file:/Users/kiransk/.m2/repository/org/seleniumhq/selenium/selenium-java/3.0.1/selenium-java-3.0.1.jar, file:/Users/kiransk/.m2/repository/org/seleniumhq/selenium/selenium-chrome-driver/3.0.1/selenium-chrome-driver-3.0.1.jar, file:/Users/kiransk/.m2/repository/org/seleniumhq/selenium/selenium-remote-driver/3.0.1/selenium-remote-driver-3.0.1.jar, file:/Users/kiransk/.m2/repository/org/seleniumhq/selenium/selenium-api/3.0.1/selenium-api-3.0.1.jar, file:/Users/kiransk/.m2/repository/cglib/cglib-nodep/3.2.4/cglib-nodep-3.2.4.jar, file:/Users/kiransk/.m2/repository/org/apache/commons/commons-exec/1.3/commons-exec-1.3.jar, file:/Users/kiransk/.m2/repository/com/google/code/gson/gson/2.3.1/gson-2.3.1.jar, file:/Users/kiransk/.m2/repository/net/java/dev/jna/jna-platform/4.1.0/jna-platform-4.1.0.jar, file:/Users/kiransk/.m2/repository/org/seleniumhq/selenium/selenium-edge-driver/3.0.1/selenium-edge-driver-3.0.1.jar, file:/Users/kiransk/.m2/repository/org/seleniumhq/selenium/selenium-firefox-driver/3.0.1/selenium-firefox-driver-3.0.1.jar, file:/Users/kiransk/.m2/repository/org/seleniumhq/selenium/selenium-ie-driver/3.0.1/selenium-ie-driver-3.0.1.jar, file:/Users/kiransk/.m2/repository/org/seleniumhq/selenium/selenium-opera-driver/3.0.1/selenium-opera-driver-3.0.1.jar, file:/Users/kiransk/.m2/repository/org/seleniumhq/selenium/selenium-safari-driver/3.0.1/selenium-safari-driver-3.0.1.jar, file:/Users/kiransk/.m2/repository/io/netty/netty/3.5.7.Final/netty-3.5.7.Final.jar, file:/Users/kiransk/.m2/repository/org/seleniumhq/selenium/selenium-support/3.0.1/selenium-support-3.0.1.jar, file:/Users/kiransk/.m2/repository/net/sourceforge/htmlunit/htmlunit/2.23/htmlunit-2.23.jar, file:/Users/kiransk/.m2/repository/xalan/xalan/2.7.2/xalan-2.7.2.jar, file:/Users/kiransk/.m2/repository/xalan/serializer/2.7.2/serializer-2.7.2.jar, file:/Users/kiransk/.m2/repository/org/apache/commons/commons-lang3/3.4/commons-lang3-3.4.jar, file:/Users/kiransk/.m2/repository/org/apache/httpcomponents/httpclient/4.5.2/httpclient-4.5.2.jar, file:/Users/kiransk/.m2/repository/org/apache/httpcomponents/httpcore/4.4.4/httpcore-4.4.4.jar, file:/Users/kiransk/.m2/repository/org/apache/httpcomponents/httpmime/4.5.2/httpmime-4.5.2.jar, file:/Users/kiransk/.m2/repository/commons-codec/commons-codec/1.10/commons-codec-1.10.jar, file:/Users/kiransk/.m2/repository/net/sourceforge/htmlunit/htmlunit-core-js/2.23/htmlunit-core-js-2.23.jar, file:/Users/kiransk/.m2/repository/net/sourceforge/htmlunit/neko-htmlunit/2.23/neko-htmlunit-2.23.jar, file:/Users/kiransk/.m2/repository/xerces/xercesImpl/2.11.0/xercesImpl-2.11.0.jar, file:/Users/kiransk/.m2/repository/xml-apis/xml-apis/1.4.01/xml-apis-1.4.01.jar, file:/Users/kiransk/.m2/repository/net/sourceforge/cssparser/cssparser/0.9.20/cssparser-0.9.20.jar, file:/Users/kiransk/.m2/repository/org/w3c/css/sac/1.3/sac-1.3.jar, file:/Users/kiransk/.m2/repository/commons-logging/commons-logging/1.2/commons-logging-1.2.jar, file:/Users/kiransk/.m2/repository/com/codeborne/phantomjsdriver/1.3.0/phantomjsdriver-1.3.0.jar, file:/Users/kiransk/.m2/repository/org/eclipse/jetty/websocket/websocket-client/9.2.15.v20160210/websocket-client-9.2.15.v20160210.jar, file:/Users/kiransk/.m2/repository/org/eclipse/jetty/jetty-util/9.2.15.v20160210/jetty-util-9.2.15.v20160210.jar, file:/Users/kiransk/.m2/repository/org/eclipse/jetty/jetty-io/9.2.15.v20160210/jetty-io-9.2.15.v20160210.jar, file:/Users/kiransk/.m2/repository/org/eclipse/jetty/websocket/websocket-common/9.2.15.v20160210/websocket-common-9.2.15.v20160210.jar, file:/Users/kiransk/.m2/repository/org/eclipse/jetty/websocket/websocket-api/9.2.15.v20160210/websocket-api-9.2.15.v20160210.jar, file:/Users/kiransk/.m2/repository/org/seleniumhq/selenium/selenium-server/3.0.1/selenium-server-3.0.1.jar, file:/Users/kiransk/.m2/repository/com/beust/jcommander/1.48/jcommander-1.48.jar, file:/Users/kiransk/.m2/repository/net/jcip/jcip-annotations/1.0/jcip-annotations-1.0.jar, file:/Users/kiransk/.m2/repository/org/seleniumhq/selenium/jetty-repacked/9.2.13.v20160825/jetty-repacked-9.2.13.v20160825.jar, file:/Users/kiransk/.m2/repository/javax/servlet/javax.servlet-api/3.1.0/javax.servlet-api-3.1.0.jar, file:/Users/kiransk/.m2/repository/org/seleniumhq/selenium/htmlunit-driver/2.23/htmlunit-driver-2.23.jar, file:/Users/kiransk/.m2/repository/org/yaml/snakeyaml/1.15/snakeyaml-1.15.jar, file:/Users/kiransk/.m2/repository/log4j/log4j/1.2.17/log4j-1.2.17.jar, file:/Users/kiransk/.m2/repository/org/testng/testng/6.9.6/testng-6.9.6.jar, file:/Users/kiransk/.m2/repository/com/google/inject/guice/4.0/guice-4.0-no_aop.jar, file:/Users/kiransk/.m2/repository/javax/inject/javax.inject/1/javax.inject-1.jar, file:/Users/kiransk/.m2/repository/aopalliance/aopalliance/1.0/aopalliance-1.0.jar, file:/Users/kiransk/.m2/repository/com/google/guava/guava/16.0.1/guava-16.0.1.jar, file:/Users/kiransk/.m2/repository/org/beanshell/bsh/2.0b4/bsh-2.0b4.jar, file:/Users/kiransk/.m2/repository/org/apache/ant/ant/1.7.0/ant-1.7.0.jar, file:/Users/kiransk/.m2/repository/org/apache/ant/ant-launcher/1.7.0/ant-launcher-1.7.0.jar, file:/Users/kiransk/.m2/repository/junit/junit/4.10/junit-4.10.jar, file:/Users/kiransk/.m2/repository/org/hamcrest/hamcrest-core/1.1/hamcrest-core-1.1.jar, file:/Users/kiransk/.m2/repository/ch/qos/logback/logback-classic/1.1.2/logback-classic-1.1.2.jar, file:/Users/kiransk/.m2/repository/ch/qos/logback/logback-core/1.1.2/logback-core-1.1.2.jar, file:/Users/kiransk/.m2/repository/net/sourceforge/tess4j/tess4j/3.1.0/tess4j-3.1.0.jar, file:/Users/kiransk/.m2/repository/org/ghost4j/ghost4j/1.0.1/ghost4j-1.0.1.jar, file:/Users/kiransk/.m2/repository/commons-beanutils/commons-beanutils/1.9.2/commons-beanutils-1.9.2.jar, file:/Users/kiransk/.m2/repository/commons-collections/commons-collections/3.2.1/commons-collections-3.2.1.jar, file:/Users/kiransk/.m2/repository/org/apache/xmlgraphics/xmlgraphics-commons/1.4/xmlgraphics-commons-1.4.jar, file:/Users/kiransk/.m2/repository/com/lowagie/itext/2.1.7/itext-2.1.7.jar, file:/Users/kiransk/.m2/repository/commons-io/commons-io/2.4/commons-io-2.4.jar, file:/Users/kiransk/.m2/repository/net/sourceforge/lept4j/lept4j/1.1.2/lept4j-1.1.2.jar, file:/Users/kiransk/.m2/repository/org/rococoa/rococoa-core/0.5/rococoa-core-0.5.jar, file:/Users/kiransk/.m2/repository/cglib/cglib/2.2.2/cglib-2.2.2.jar, file:/Users/kiransk/.m2/repository/asm/asm/3.3.1/asm-3.3.1.jar, file:/Users/kiransk/.m2/repository/org/slf4j/jul-to-slf4j/1.7.19/jul-to-slf4j-1.7.19.jar, file:/Users/kiransk/.m2/repository/org/slf4j/jcl-over-slf4j/1.7.19/jcl-over-slf4j-1.7.19.jar, file:/Users/kiransk/.m2/repository/org/slf4j/log4j-over-slf4j/1.7.19/log4j-over-slf4j-1.7.19.jar, file:/Users/kiransk/.m2/repository/com/github/jai-imageio/jai-imageio-core/1.3.1/jai-imageio-core-1.3.1.jar, file:/Users/kiransk/.m2/repository/org/slf4j/slf4j-api/1.7.22/slf4j-api-1.7.22.jar, file:/Users/kiransk/.m2/repository/net/java/dev/jna/jna/4.1.0/jna-4.1.0.jar, file:/Users/kiransk/.m2/repository/javax/mail/mail/1.4/mail-1.4.jar, file:/Users/kiransk/.m2/repository/javax/activation/activation/1.1/activation-1.1.jar])
	at com.sun.jna.NativeLibrary.loadLibrary(NativeLibrary.java:271)
	at com.sun.jna.NativeLibrary.getInstance(NativeLibrary.java:398)
	at com.sun.jna.Library$Handler.<init>(Library.java:147)
	at com.sun.jna.Native.loadLibrary(Native.java:412)
	at com.sun.jna.Native.loadLibrary(Native.java:391)
	at net.sourceforge.tess4j.util.LoadLibs.getTessAPIInstance(LoadLibs.java:75)
	at net.sourceforge.tess4j.TessAPI.<clinit>(TessAPI.java:42)
	at net.sourceforge.tess4j.Tesseract.init(Tesseract.java:367)
	at net.sourceforge.tess4j.Tesseract.doOCR(Tesseract.java:280)
	at net.sourceforge.tess4j.Tesseract.doOCR(Tesseract.java:212)
	at net.sourceforge.tess4j.Tesseract.doOCR(Tesseract.java:196)
	at com.cashkaro.uitests.utils.CaptchaUtils.getExtractedTextFromImage(CaptchaUtils.java:38)
	at com.cashkaro.uitests.tests.JoinWithEmailTest.testJoinWithEmail(JoinWithEmailTest.java:49)
	at sun.reflect.NativeMethodAccessorImpl.invoke0(Native Method)
	at sun.reflect.NativeMethodAccessorImpl.invoke(NativeMethodAccessorImpl.java:62)
	at sun.reflect.DelegatingMethodAccessorImpl.invoke(DelegatingMethodAccessorImpl.java:43)
	at java.lang.reflect.Method.invoke(Method.java:497)
	at org.testng.internal.MethodInvocationHelper.invokeMethod(MethodInvocationHelper.java:85)
	at org.testng.internal.Invoker.invokeMethod(Invoker.java:639)
	at org.testng.internal.Invoker.invokeTestMethod(Invoker.java:821)
	at org.testng.internal.Invoker.invokeTestMethods(Invoker.java:1131)
	at org.testng.internal.TestMethodWorker.invokeTestMethods(TestMethodWorker.java:124)
	at org.testng.internal.TestMethodWorker.run(TestMethodWorker.java:108)
	at org.testng.TestRunner.privateRun(TestRunner.java:773)
	at org.testng.TestRunner.run(TestRunner.java:623)
	at org.testng.SuiteRunner.runTest(SuiteRunner.java:357)
	at org.testng.SuiteRunner.runSequentially(SuiteRunner.java:352)
	at org.testng.SuiteRunner.privateRun(SuiteRunner.java:310)
	at org.testng.SuiteRunner.run(SuiteRunner.java:259)
	at org.testng.SuiteRunnerWorker.runSuite(SuiteRunnerWorker.java:52)
	at org.testng.SuiteRunnerWorker.run(SuiteRunnerWorker.java:86)
	at org.testng.TestNG.runSuitesSequentially(TestNG.java:1185)
	at org.testng.TestNG.runSuitesLocally(TestNG.java:1110)
	at org.testng.TestNG.run(TestNG.java:1018)
	at org.testng.remote.RemoteTestNG.run(RemoteTestNG.java:111)
	at org.testng.remote.RemoteTestNG.initAndRun(RemoteTestNG.java:204)
	at org.testng.remote.RemoteTestNG.main(RemoteTestNG.java:175)
]]>
            </full-stacktrace>
          </exception> <!-- java.lang.UnsatisfiedLinkError -->
          <reporter-output>
          </reporter-output>
        </test-method> <!-- testJoinWithEmail -->
        <test-method status="PASS" signature="quitDriver()[pri:0, instance:com.cashkaro.uitests.tests.JoinWithEmailTest@13fee20c]" name="quitDriver" is-config="true" duration-ms="97" started-at="2017-01-18T20:08:39Z" finished-at="2017-01-18T20:08:39Z">
          <reporter-output>
          </reporter-output>
        </test-method> <!-- quitDriver -->
        <test-method status="PASS" signature="teardown()[pri:0, instance:com.cashkaro.uitests.tests.JoinWithEmailTest@13fee20c]" name="teardown" is-config="true" duration-ms="0" started-at="2017-01-18T20:08:39Z" finished-at="2017-01-18T20:08:39Z">
          <reporter-output>
          </reporter-output>
        </test-method> <!-- teardown -->
      </class> <!-- com.cashkaro.uitests.tests.JoinWithEmailTest -->
      <class name="com.cashkaro.uitests.tests.ForgotPasswordTest">
        <test-method status="PASS" signature="createDriver()[pri:0, instance:com.cashkaro.uitests.tests.ForgotPasswordTest@3cda1055]" name="createDriver" is-config="true" duration-ms="9171" started-at="2017-01-18T20:08:07Z" finished-at="2017-01-18T20:08:16Z">
          <reporter-output>
          </reporter-output>
        </test-method> <!-- createDriver -->
        <test-method status="PASS" signature="setUp()[pri:0, instance:com.cashkaro.uitests.tests.ForgotPasswordTest@3cda1055]" name="setUp" is-config="true" duration-ms="58" started-at="2017-01-18T20:08:16Z" finished-at="2017-01-18T20:08:17Z">
          <reporter-output>
          </reporter-output>
        </test-method> <!-- setUp -->
        <test-method status="PASS" signature="testForgotPassword(java.lang.String, java.lang.String, java.lang.String)[pri:0, instance:com.cashkaro.uitests.tests.ForgotPasswordTest@3cda1055]" name="testForgotPassword" duration-ms="6991" started-at="2017-01-18T20:08:17Z" data-provider="testdataprovider" finished-at="2017-01-18T20:08:24Z">
          <params>
            <param index="0">
              <value>
                <![CDATA[cashkaro.test1@gmail.com]]>
              </value>
            </param>
            <param index="1">
              <value>
                <![CDATA[test123]]>
              </value>
            </param>
            <param index="2">
              <value>
                <![CDATA[Forgot Password]]>
              </value>
            </param>
          </params>
          <reporter-output>
          </reporter-output>
        </test-method> <!-- testForgotPassword -->
        <test-method status="PASS" signature="quitDriver()[pri:0, instance:com.cashkaro.uitests.tests.ForgotPasswordTest@3cda1055]" name="quitDriver" is-config="true" duration-ms="101" started-at="2017-01-18T20:08:24Z" finished-at="2017-01-18T20:08:24Z">
          <reporter-output>
          </reporter-output>
        </test-method> <!-- quitDriver -->
      </class> <!-- com.cashkaro.uitests.tests.ForgotPasswordTest -->
    </test> <!-- Cashkaro Tests -->
  </suite> <!-- Smoke Test Suite -->
</testng-results>
